<?xml version="1.0" encoding="UTF-8"?>
<testng-results ignored="0" total="2" passed="2" failed="0" skipped="0">
  <reporter-output>
  </reporter-output>
  <suite started-at="2024-01-23T11:02:33 IST" name="Suite" finished-at="2024-01-23T11:02:47 IST" duration-ms="14101">
    <groups>
    </groups>
    <test started-at="2024-01-23T11:02:33 IST" name="Test" finished-at="2024-01-23T11:02:47 IST" duration-ms="14101">
      <class name="com.pda.tests.OrangeHRMTests">
        <test-method is-config="true" signature="beforeSuite()[pri:0, instance:com.pda.tests.OrangeHRMTests@2c1b194a]" started-at="2024-01-23T11:02:32 IST" name="beforeSuite" finished-at="2024-01-23T11:02:33 IST" duration-ms="283" status="PASS">
          <reporter-output>
          </reporter-output>
        </test-method> <!-- beforeSuite -->
        <test-method is-config="true" signature="SetUp()[pri:0, instance:com.pda.tests.OrangeHRMTests@2c1b194a]" started-at="2024-01-23T11:02:33 IST" name="SetUp" finished-at="2024-01-23T11:02:42 IST" duration-ms="9768" status="PASS">
          <reporter-output>
          </reporter-output>
        </test-method> <!-- SetUp -->
        <test-method is-config="true" signature="SetUp()[pri:0, instance:com.pda.tests.OrangeHRMTests@2c1b194a]" started-at="2024-01-23T11:02:33 IST" name="SetUp" finished-at="2024-01-23T11:02:42 IST" duration-ms="9324" status="PASS">
          <reporter-output>
          </reporter-output>
        </test-method> <!-- SetUp -->
        <test-method signature="LoginLogoutTest(java.lang.String,java.lang.String)[pri:0, instance:com.pda.tests.OrangeHRMTests@2c1b194a]" started-at="2024-01-23T11:02:42 IST" name="LoginLogoutTest" data-provider="LoginTestDataProvider" finished-at="2024-01-23T11:02:45 IST" duration-ms="3539" status="PASS">
          <params>
            <param index="0">
              <value>
                <![CDATA[Admin]]>
              </value>
            </param>
            <param index="1">
              <value>
                <![CDATA[admin123]]>
              </value>
            </param>
          </params>
          <reporter-output>
          </reporter-output>
        </test-method> <!-- LoginLogoutTest -->
        <test-method signature="LoginLogoutTest(java.lang.String,java.lang.String)[pri:0, instance:com.pda.tests.OrangeHRMTests@2c1b194a]" started-at="2024-01-23T11:02:42 IST" name="LoginLogoutTest" data-provider="LoginTestDataProvider" finished-at="2024-01-23T11:02:46 IST" duration-ms="3644" status="PASS">
          <params>
            <param index="0">
              <value>
                <![CDATA[Admin]]>
              </value>
            </param>
            <param index="1">
              <value>
                <![CDATA[admin123]]>
              </value>
            </param>
          </params>
          <reporter-output>
          </reporter-output>
        </test-method> <!-- LoginLogoutTest -->
        <test-method is-config="true" signature="tearDown()[pri:0, instance:com.pda.tests.OrangeHRMTests@2c1b194a]" started-at="2024-01-23T11:02:45 IST" name="tearDown" finished-at="2024-01-23T11:02:46 IST" duration-ms="821" status="PASS">
          <reporter-output>
          </reporter-output>
        </test-method> <!-- tearDown -->
        <test-method is-config="true" signature="tearDown()[pri:0, instance:com.pda.tests.OrangeHRMTests@2c1b194a]" started-at="2024-01-23T11:02:46 IST" name="tearDown" finished-at="2024-01-23T11:02:47 IST" duration-ms="648" status="PASS">
          <reporter-output>
          </reporter-output>
        </test-method> <!-- tearDown -->
        <test-method is-config="true" signature="afterSuite()[pri:0, instance:com.pda.tests.OrangeHRMTests@2c1b194a]" started-at="2024-01-23T11:02:47 IST" name="afterSuite" finished-at="2024-01-23T11:02:48 IST" duration-ms="780" status="PASS">
          <reporter-output>
          </reporter-output>
        </test-method> <!-- afterSuite -->
      </class> <!-- com.pda.tests.OrangeHRMTests -->
    </test> <!-- Test -->
  </suite> <!-- Suite -->
</testng-results>
