<?xml version="1.0" encoding="UTF-8"?>
<!-- Generated by org.testng.reporters.JUnitXMLReporter -->
<testsuite ignored="0" hostname="Atharv-PC" failures="0" tests="3" name="Test" time="19.023" errors="0" timestamp="2024-01-18T22:24:19 IST">
  <testcase classname="com.pda.tests.HomePageTests" name="test3" time="3.545"/>
  <testcase classname="com.pda.tests.LoginpageTests" name="test2" time="4.43"/>
  <testcase classname="com.pda.tests.HomePageTests" name="test4" time="3.448"/>
</testsuite> <!-- Test -->
